# JRE version: Java(TM) SE Runtime Environment (8.0_221-b11) (build 1.8.0_221-b11)
# Java VM: Java HotSpot(TM) 64-Bit Server VM (25.221-b11 mixed mode windows-amd64 compressed oops)
Heap:
 garbage-first heap   total 545792K, used 325056K [0x00000000c0000000, 0x00000000c01010a8, 0x0000000100000000)
  region size 1024K, 171 young (175104K), 4 survivors (4096K)
 Metaspace       used 47794K, capacity 50616K, committed 50816K, reserved 1093632K
  class space    used 5028K, capacity 5917K, committed 6016K, reserved 1048576K
GC Heap History (10 events):
Event: 34.726 GC heap before
{Heap before GC invocations=33 (full 0):
 garbage-first heap   total 131072K, used 86856K [0x00000000c0000000, 0x00000000c0100400, 0x0000000100000000)
  region size 1024K, 6 young (6144K), 1 survivors (1024K)
 Metaspace       used 45937K, capacity 48670K, committed 48768K, reserved 1091584K
  class space    used 4843K, capacity 5698K, committed 5760K, reserved 1048576K
Event: 34.743 GC heap after
Heap after GC invocations=34 (full 0):
 garbage-first heap   total 131072K, used 81952K [0x00000000c0000000, 0x00000000c0100400, 0x0000000100000000)
  region size 1024K, 1 young (1024K), 1 survivors (1024K)
 Metaspace       used 45937K, capacity 48670K, committed 48768K, reserved 1091584K
  class space    used 4843K, capacity 5698K, committed 5760K, reserved 1048576K
}
Event: 34.887 GC heap before
{Heap before GC invocations=34 (full 0):
 garbage-first heap   total 131072K, used 112672K [0x00000000c0000000, 0x00000000c0100400, 0x0000000100000000)
  region size 1024K, 31 young (31744K), 1 survivors (1024K)
 Metaspace       used 45937K, capacity 48670K, committed 48768K, reserved 1091584K
  class space    used 4843K, capacity 5698K, committed 5760K, reserved 1048576K
Event: 34.904 GC heap after
Heap after GC invocations=35 (full 0):
 garbage-first heap   total 262144K, used 87584K [0x00000000c0000000, 0x00000000c0100800, 0x0000000100000000)
  region size 1024K, 4 young (4096K), 4 survivors (4096K)
 Metaspace       used 45937K, capacity 48670K, committed 48768K, reserved 1091584K
  class space    used 4843K, capacity 5698K, committed 5760K, reserved 1048576K
}
Event: 35.304 GC heap before
{Heap before GC invocations=35 (full 0):
 garbage-first heap   total 262144K, used 217632K [0x00000000c0000000, 0x00000000c0100800, 0x0000000100000000)
  region size 1024K, 131 young (134144K), 4 survivors (4096K)
 Metaspace       used 45938K, capacity 48670K, committed 48768K, reserved 1091584K
  class space    used 4843K, capacity 5698K, committed 5760K, reserved 1048576K
Event: 35.325 GC heap after
Heap after GC invocations=36 (full 0):
 garbage-first heap   total 419840K, used 107838K [0x00000000c0000000, 0x00000000c0100cd0, 0x0000000100000000)
  region size 1024K, 17 young (17408K), 17 survivors (17408K)
 Metaspace       used 45938K, capacity 48670K, committed 48768K, reserved 1091584K
  class space    used 4843K, capacity 5698K, committed 5760K, reserved 1048576K
}
Event: 36.754 GC heap before
{Heap before GC invocations=36 (full 0):
 garbage-first heap   total 419840K, used 340990K [0x00000000c0000000, 0x00000000c0100cd0, 0x0000000100000000)
  region size 1024K, 240 young (245760K), 17 survivors (17408K)
 Metaspace       used 45986K, capacity 48670K, committed 48768K, reserved 1091584K
  class space    used 4848K, capacity 5698K, committed 5760K, reserved 1048576K
Event: 36.871 GC heap after
Heap after GC invocations=37 (full 0):
 garbage-first heap   total 545792K, used 145632K [0x00000000c0000000, 0x00000000c01010a8, 0x0000000100000000)
  region size 1024K, 30 young (30720K), 30 survivors (30720K)
 Metaspace       used 45986K, capacity 48670K, committed 48768K, reserved 1091584K
  class space    used 4848K, capacity 5698K, committed 5760K, reserved 1048576K
}
Event: 37.014 GC heap before
{Heap before GC invocations=37 (full 0):
 garbage-first heap   total 545792K, used 147680K [0x00000000c0000000, 0x00000000c01010a8, 0x0000000100000000)
  region size 1024K, 32 young (32768K), 30 survivors (30720K)
 Metaspace       used 45986K, capacity 48670K, committed 48768K, reserved 1091584K
  class space    used 4848K, capacity 5698K, committed 5760K, reserved 1048576K
Event: 37.112 GC heap after
Heap after GC invocations=38 (full 0):
 garbage-first heap   total 545792K, used 150752K [0x00000000c0000000, 0x00000000c01010a8, 0x0000000100000000)
  region size 1024K, 4 young (4096K), 4 survivors (4096K)
 Metaspace       used 45986K, capacity 48670K, committed 48768K, reserved 1091584K
  class space    used 4848K, capacity 5698K, committed 5760K, reserved 1048576K
}

